<?xml version="1.0" encoding="UTF-8"?>
<testsuite name="com.nicholas.rutherford.track.my.shot.firebase.read.ReadFirebaseUserInfoImplTest$IsEmailVerifiedFlow" tests="4" skipped="0" failures="0" errors="0" timestamp="2023-09-29T14:30:38" hostname="Nicholass-MBP.lan" time="2.517">
  <properties/>
  <testcase name="when currentUser is not null but complete listener is successful with email verified set to false should be set to false()" classname="com.nicholas.rutherford.track.my.shot.firebase.read.ReadFirebaseUserInfoImplTest$IsEmailVerifiedFlow" time="2.434"/>
  <testcase name="when currentUser is not null but complete listener is not successful should be set to false()" classname="com.nicholas.rutherford.track.my.shot.firebase.read.ReadFirebaseUserInfoImplTest$IsEmailVerifiedFlow" time="0.03"/>
  <testcase name="when currentUser is not null but complete listener is successful with email verified set to true should be set to true()" classname="com.nicholas.rutherford.track.my.shot.firebase.read.ReadFirebaseUserInfoImplTest$IsEmailVerifiedFlow" time="0.015"/>
  <testcase name="when currentUser is set to null should set to false()" classname="com.nicholas.rutherford.track.my.shot.firebase.read.ReadFirebaseUserInfoImplTest$IsEmailVerifiedFlow" time="0.005"/>
  <system-out><![CDATA[]]></system-out>
  <system-err><![CDATA[]]></system-err>
</testsuite>
