<?xml version="1.0" encoding="UTF-8"?>
<testsuite name="com.nicholas.rutherford.track.my.shot.firebase.read.ReadFirebaseUserInfoImplTest$GetAccountInfoFlowByEmail" tests="5" skipped="0" failures="0" errors="0" timestamp="2023-09-29T14:30:37" hostname="Nicholass-MBP.lan" time="0.155">
  <properties/>
  <testcase name="when onDataChange is called but the count is greater then 1 should return null()" classname="com.nicholas.rutherford.track.my.shot.firebase.read.ReadFirebaseUserInfoImplTest$GetAccountInfoFlowByEmail" time="0.05"/>
  <testcase name="when onDataChange is called but the count is 0 should return null()" classname="com.nicholas.rutherford.track.my.shot.firebase.read.ReadFirebaseUserInfoImplTest$GetAccountInfoFlowByEmail" time="0.039"/>
  <testcase name="when onDataChange is called with valid conditions should return accountInfoRealTimeResponse()" classname="com.nicholas.rutherford.track.my.shot.firebase.read.ReadFirebaseUserInfoImplTest$GetAccountInfoFlowByEmail" time="0.026"/>
  <testcase name="when onCancelled is called should return null()" classname="com.nicholas.rutherford.track.my.shot.firebase.read.ReadFirebaseUserInfoImplTest$GetAccountInfoFlowByEmail" time="0.014"/>
  <testcase name="when onDataChange is called with snapshot exists return back as false should return null()" classname="com.nicholas.rutherford.track.my.shot.firebase.read.ReadFirebaseUserInfoImplTest$GetAccountInfoFlowByEmail" time="0.017"/>
  <system-out><![CDATA[]]></system-out>
  <system-err><![CDATA[]]></system-err>
</testsuite>
