<?xml version="1.0" encoding="UTF-8"?>
<testsuite name="com.nicholas.rutherford.track.my.shot.firebase.create.CreateFirebaseUserInfoImplTest$AttemptToCreateFirebaseRealtimeDatabaseResponseFlow" tests="2" skipped="0" failures="0" errors="0" timestamp="2023-09-28T20:50:16" hostname="Nicholass-MBP.lan" time="2.076">
  <properties/>
  <testcase name="when add on complete listener is executed should set flow to true and value Pair when isSuccessful returns back true()" classname="com.nicholas.rutherford.track.my.shot.firebase.create.CreateFirebaseUserInfoImplTest$AttemptToCreateFirebaseRealtimeDatabaseResponseFlow" time="1.986"/>
  <testcase name="when add on complete listener is executed should set flow to false and null Pair when isSuccessful returns back false()" classname="com.nicholas.rutherford.track.my.shot.firebase.create.CreateFirebaseUserInfoImplTest$AttemptToCreateFirebaseRealtimeDatabaseResponseFlow" time="0.074"/>
  <system-out><![CDATA[]]></system-out>
  <system-err><![CDATA[]]></system-err>
</testsuite>
