<?xml version="1.0" encoding="UTF-8"?>
<testsuite name="com.nicholas.rutherford.track.my.shot.firebase.read.ReadFirebaseUserInfoImplTest$GetAccountInfoKeyByEmail" tests="4" skipped="0" failures="0" errors="0" timestamp="2023-09-28T21:12:15" hostname="Nicholass-MBP.lan" time="0.196">
  <properties/>
  <testcase name="when onDataChange is called but snapshot does not exist should return null()" classname="com.nicholas.rutherford.track.my.shot.firebase.read.ReadFirebaseUserInfoImplTest$GetAccountInfoKeyByEmail" time="0.082"/>
  <testcase name="when onCancelled is called should return null()" classname="com.nicholas.rutherford.track.my.shot.firebase.read.ReadFirebaseUserInfoImplTest$GetAccountInfoKeyByEmail" time="0.017"/>
  <testcase name="when onDataChange is called, snapshot exists, and children key returns info should return null()" classname="com.nicholas.rutherford.track.my.shot.firebase.read.ReadFirebaseUserInfoImplTest$GetAccountInfoKeyByEmail" time="0.031"/>
  <testcase name="when onDataChange is called, snapshot exists, and children key returns empty should return null()" classname="com.nicholas.rutherford.track.my.shot.firebase.read.ReadFirebaseUserInfoImplTest$GetAccountInfoKeyByEmail" time="0.052"/>
  <system-out><![CDATA[]]></system-out>
  <system-err><![CDATA[]]></system-err>
</testsuite>
